
> ecommerce-store@0.1.0 build
> next build

▲ Next.js 16.1.6 (Turbopack)
- Environments: .env

  Creating an optimized production build ...
✓ Compiled successfully in 24.1s
  Running TypeScript ...
Failed to compile.

.next/dev/types/validator.ts:207:31
Type error: Type 'typeof import("D:/Temp/ALLCODESCOMBINE/react/Agent/ai-coding-agent/ecommerce-store/src/app/api/categories/[categoryId]/route")' does not satisfy the constraint 'RouteHandlerConfig<"/api/categories/[categoryId]">'.
  Types of property 'GET' are incompatible.
    Type '(request: Request, { params }: { params: { categoryId: string; }; }) => Promise<NextResponse<unknown>>' is not assignable to type '(request: NextRequest, context: { params: Promise<{ categoryId: string; }>; }) => void | Response | Promise<void | Response>'.
      Types of parameters '__1' and 'context' are incompatible.
        Type '{ params: Promise<{ categoryId: string; }>; }' is not assignable to type '{ params: { categoryId: string; }; }'.
          Types of property 'params' are incompatible.
            Property 'categoryId' is missing in type 'Promise<{ categoryId: string; }>' but required in type '{ categoryId: string; }'.

[0m [90m 205 |[39m   type __IsExpected[33m<[39m[33mSpecific[39m [36mextends[39m [33mRouteHandlerConfig[39m[33m<[39m[32m"/api/categories/[categoryId]"[39m[33m>>[39m [33m=[39m [33mSpecific[39m
 [90m 206 |[39m   [36mconst[39m handler [33m=[39m {} [36mas[39m [36mtypeof[39m [36mimport[39m([32m"../../../src/app/api/categories/[categoryId]/route.js"[39m)
[31m[1m>[22m[39m[90m 207 |[39m   type __Check [33m=[39m __IsExpected[33m<[39m[36mtypeof[39m handler[33m>[39m
 [90m     |[39m                               [31m[1m^[22m[39m
 [90m 208 |[39m   [90m// @ts-ignore[39m
 [90m 209 |[39m   type __Unused [33m=[39m __Check
 [90m 210 |[39m }[0m
Next.js build worker exited with code: 1 and signal: null
