
> ecommerce-store@0.1.0 build
> next build

▲ Next.js 16.1.6 (Turbopack)
- Environments: .env

  Creating an optimized production build ...

> Build error occurred
Error: Turbopack build failed with 1 errors:
./src/app/globals.css
Error evaluating Node.js code
Error: Missing field `negated` on ScannerOptions.sources
    [at Object.Once (D:\Temp\ALLCODESCOMBINE\react\Agent\ai-coding-agent\ecommerce-store\node_modules\@tailwindcss\postcss\dist\index.js:8:4164)]
    at async LazyResult.runAsync (node_modules/postcss/lib/lazy-result.js:293:11) [D:\Temp\ALLCODESCOMBINE\react\Agent\ai-coding-agent\ecommerce-store\.next\build\chunks\node_modules_fe693df6._.js:6206:21]
    at async transform (turbopack:///[turbopack-node]/transforms/postcss.ts:70:34) [D:\Temp\ALLCODESCOMBINE\react\Agent\ai-coding-agent\ecommerce-store\.next\build\chunks\[root-of-the-server]__51225daf._.js:146:36]
    at async run (turbopack:///[turbopack-node]/ipc/evaluate.ts:92:23) [D:\Temp\ALLCODESCOMBINE\react\Agent\ai-coding-agent\ecommerce-store\.next\build\chunks\[root-of-the-server]__974941ed._.js:443:31]

Import trace:
  Client Component Browser:
    ./src/app/globals.css [Client Component Browser]
    ./src/app/layout.tsx [Server Component]


    at async transform (turbopack:///[turbopack-node]/transforms/postcss.ts:70:34) [D:\Temp\ALLCODESCOMBINE\react\Agent\ai-coding-agent\ecommerce-store\.next\build\chunks\[root-of-the-server]__51225daf._.js:146:36])
    at async run (turbopack:///[turbopack-node]/ipc/evaluate.ts:92:23) [D:\Temp\ALLCODESCOMBINE\react\Agent\ai-coding-agent\ecommerce-store\.next\build\chunks\[root-of-the-server]__974941ed._.js:443:31])
